<?xml version="1.0" encoding="UTF-8"?>
<!-- Generated by org.testng.reporters.JUnitReportReporter -->
<testsuite hostname="Mypc" name="keyword_Hybrid.Keyword" tests="1" failures="0" timestamp="8 Mar 2017 16:44:05 GMT" time="60.857" errors="0">
  <testcase name="driverscript" time="60.857" classname="keyword_Hybrid.Keyword"/>
</testsuite> <!-- keyword_Hybrid.Keyword -->
