<?xml version="1.0" encoding="UTF-8"?>
<!-- Generated by org.testng.reporters.JUnitReportReporter -->
<testsuite hostname="Mypc" name="testNG.UserregTest" tests="1" failures="0" timestamp="7 Mar 2017 16:33:16 GMT" time="9.472" errors="0">
  <testcase name="org_Usereg" time="9.472" classname="testNG.UserregTest"/>
</testsuite> <!-- testNG.UserregTest -->
