<?xml version="1.0" encoding="UTF-8"?>
<!-- Generated by org.testng.reporters.JUnitReportReporter -->
<testsuite hostname="Mypc" name="testNG.BasicAnnotation" tests="3" failures="0" timestamp="6 Mar 2017 16:39:26 GMT" time="0.059" errors="0">
  <testcase name="function2" time="0.019" classname="testNG.BasicAnnotation"/>
  <testcase name="a" time="0.022" classname="testNG.BasicAnnotation"/>
  <testcase name="function1" time="0.018" classname="testNG.BasicAnnotation"/>
</testsuite> <!-- testNG.BasicAnnotation -->
