<?xml version="1.0" encoding="UTF-8"?>
<!-- Generated by org.testng.reporters.JUnitReportReporter -->
<testsuite hostname="Mypc" name="testNG.PrimusBankLogin" tests="1" failures="0" timestamp="6 Mar 2017 16:51:02 GMT" time="7.026" errors="0">
  <testcase name="f" time="7.026" classname="testNG.PrimusBankLogin"/>
</testsuite> <!-- testNG.PrimusBankLogin -->
