<?xml version="1.0" encoding="UTF-8"?>
<!-- Generated by org.testng.reporters.JUnitReportReporter -->
<testsuite hostname="Mypc" name="testNG.EmpregTest" tests="3" failures="0" timestamp="7 Mar 2017 16:42:18 GMT" time="15.578" errors="0">
  <testcase name="org_Empreg" time="5.662" classname="testNG.EmpregTest"/>
  <testcase name="org_Empreg" time="4.840" classname="testNG.EmpregTest"/>
  <testcase name="org_Empreg" time="5.076" classname="testNG.EmpregTest"/>
</testsuite> <!-- testNG.EmpregTest -->
